0 info it worked if it ends with ok
1 verbose cli [ 'D:\\Program Files\\nodejs\\node.exe',
1 verbose cli   'D:\\Program Files\\nodejs\\node_modules\\npm\\bin\\npm-cli.js',
1 verbose cli   'run',
1 verbose cli   'dev' ]
2 info using npm@4.1.2
3 info using node@v7.7.3
4 verbose run-script [ 'predev', 'dev', 'postdev' ]
5 info lifecycle ele-vue@1.0.0~predev: ele-vue@1.0.0
6 silly lifecycle ele-vue@1.0.0~predev: no script for predev, continuing
7 info lifecycle ele-vue@1.0.0~dev: ele-vue@1.0.0
8 verbose lifecycle ele-vue@1.0.0~dev: unsafe-perm in lifecycle true
9 verbose lifecycle ele-vue@1.0.0~dev: PATH: D:\Program Files\nodejs\node_modules\npm\bin\node-gyp-bin;E:\ele-vue-study\node_modules\.bin;d:\program files\graphicsmagick-1.3.25-q16;D:\Python27\;D:\Python27\Scripts;d:\Ruby23-x64\bin;C:\ProgramData\Oracle\Java\javapath;C:\Windows\system32;C:\Windows;C:\Windows\System32\Wbem;C:\Windows\System32\WindowsPowerShell\v1.0\;D:\Program Files\VisualSVN Server\bin;D:\TortoiseSVN\bin;D:\Program Files\nodejs\;C:\Users\Administrator\AppData\Local\Microsoft\WindowsApps;C:\Users\Administrator\AppData\Roaming\npm
10 verbose lifecycle ele-vue@1.0.0~dev: CWD: E:\ele-vue-study
11 silly lifecycle ele-vue@1.0.0~dev: Args: [ '/d /s /c',
11 silly lifecycle   'cross-env NODE_ENV=development webpack-dev-server --open --hot' ]
12 silly lifecycle ele-vue@1.0.0~dev: Returned: code: 3221225786  signal: null
13 info lifecycle ele-vue@1.0.0~dev: Failed to exec dev script
14 verbose stack Error: ele-vue@1.0.0 dev: `cross-env NODE_ENV=development webpack-dev-server --open --hot`
14 verbose stack Exit status 3221225786
14 verbose stack     at EventEmitter.<anonymous> (D:\Program Files\nodejs\node_modules\npm\lib\utils\lifecycle.js:279:16)
14 verbose stack     at emitTwo (events.js:106:13)
14 verbose stack     at EventEmitter.emit (events.js:194:7)
14 verbose stack     at ChildProcess.<anonymous> (D:\Program Files\nodejs\node_modules\npm\lib\utils\spawn.js:40:14)
14 verbose stack     at emitTwo (events.js:106:13)
14 verbose stack     at ChildProcess.emit (events.js:194:7)
14 verbose stack     at maybeClose (internal/child_process.js:899:16)
14 verbose stack     at Process.ChildProcess._handle.onexit (internal/child_process.js:226:5)
15 verbose pkgid ele-vue@1.0.0
16 verbose cwd E:\ele-vue-study
17 error Windows_NT 10.0.14393
18 error argv "D:\\Program Files\\nodejs\\node.exe" "D:\\Program Files\\nodejs\\node_modules\\npm\\bin\\npm-cli.js" "run" "dev"
19 error node v7.7.3
20 error npm  v4.1.2
21 error code ELIFECYCLE
22 error ele-vue@1.0.0 dev: `cross-env NODE_ENV=development webpack-dev-server --open --hot`
22 error Exit status 3221225786
23 error Failed at the ele-vue@1.0.0 dev script 'cross-env NODE_ENV=development webpack-dev-server --open --hot'.
23 error Make sure you have the latest version of node.js and npm installed.
23 error If you do, this is most likely a problem with the ele-vue package,
23 error not with npm itself.
23 error Tell the author that this fails on your system:
23 error     cross-env NODE_ENV=development webpack-dev-server --open --hot
23 error You can get information on how to open an issue for this project with:
23 error     npm bugs ele-vue
23 error Or if that isn't available, you can get their info via:
23 error     npm owner ls ele-vue
23 error There is likely additional logging output above.
24 verbose exit [ 1, true ]
